<?xml version="1.0" encoding="UTF-8"?>
<testsuite xmlns:xsi="http://www.w3.org/2001/XMLSchema-instance" xsi:noNamespaceSchemaLocation="https://maven.apache.org/surefire/maven-surefire-plugin/xsd/surefire-test-report.xsd" version="3.0.2" name="com.example.UserServiceAppTest" time="0.612" tests="3" errors="0" skipped="0" failures="0">
  <properties>
[...]
</properties>
  <testcase name="testListUsers" classname="com.example.UserServiceAppTest" time="0.56"/>
  <testcase name="testCreateUser" classname="com.example.UserServiceAppTest" time="0.009"/>
  <testcase name="testDeleteUser" classname="com.example.UserServiceAppTest" time="0.003"/>
</testsuite>